<?xml version="1.0" encoding="UTF-8"?>
<testng-results ignored="0" total="2" passed="2" failed="0" skipped="0">
  <reporter-output>
  </reporter-output>
  <suite started-at="2025-06-24T08:28:16 IST" name="POM Suite" finished-at="2025-06-24T08:28:20 IST" duration-ms="4401">
    <groups>
    </groups>
    <test started-at="2025-06-24T08:28:16 IST" name="Login Tests" finished-at="2025-06-24T08:28:20 IST" duration-ms="4401">
      <class name="test.Singup_Test">
        <test-method is-config="true" signature="setupReport()[pri:0, instance:test.Singup_Test@291caca8]" started-at="2025-06-24T08:28:16 IST" name="setupReport" finished-at="2025-06-24T08:28:16 IST" duration-ms="316" status="PASS">
          <reporter-output>
          </reporter-output>
        </test-method> <!-- setupReport -->
        <test-method is-config="true" signature="getDriver()[pri:0, instance:test.Singup_Test@291caca8]" started-at="2025-06-24T08:28:16 IST" name="getDriver" finished-at="2025-06-24T08:28:18 IST" duration-ms="2288" status="PASS">
          <reporter-output>
          </reporter-output>
        </test-method> <!-- getDriver -->
        <test-method signature="setup()[pri:0, instance:test.Singup_Test@291caca8]" started-at="2025-06-24T08:28:18 IST" name="setup" finished-at="2025-06-24T08:28:20 IST" duration-ms="1504" status="PASS">
          <reporter-output>
          </reporter-output>
        </test-method> <!-- setup -->
        <test-method signature="tc_01_singupform()[pri:0, instance:test.Singup_Test@291caca8]" started-at="2025-06-24T08:28:20 IST" name="tc_01_singupform" finished-at="2025-06-24T08:28:20 IST" duration-ms="510" status="PASS">
          <reporter-output>
          </reporter-output>
        </test-method> <!-- tc_01_singupform -->
        <test-method is-config="true" signature="flushReport()[pri:0, instance:test.Singup_Test@291caca8]" started-at="2025-06-24T08:28:20 IST" name="flushReport" finished-at="2025-06-24T08:28:21 IST" duration-ms="592" status="PASS">
          <reporter-output>
          </reporter-output>
        </test-method> <!-- flushReport -->
        <test-method is-config="true" signature="quitDriver()[pri:0, instance:test.Singup_Test@291caca8]" started-at="2025-06-24T08:28:21 IST" name="quitDriver" finished-at="2025-06-24T08:28:22 IST" duration-ms="460" status="PASS">
          <reporter-output>
          </reporter-output>
        </test-method> <!-- quitDriver -->
      </class> <!-- test.Singup_Test -->
    </test> <!-- Login Tests -->
  </suite> <!-- POM Suite -->
</testng-results>
